Arguments: 
  /usr/local/bin/node /usr/local/bin/yarn add bootstrap @popper/core jquery react react-dom prop-types

PATH: 
  /Users/luqmanmusah/.rvm/gems/ruby-3.0.0/bin:/Users/luqmanmusah/.rvm/gems/ruby-3.0.0@global/bin:/Users/luqmanmusah/.rvm/rubies/ruby-3.0.0/bin:/Users/luqmanmusah/.rvm/bin:/usr/local/bin:/usr/bin:/bin:/usr/sbin:/sbin:/opt/X11/bin

Yarn version: 
  1.7.0

Node version: 
  16.13.2

Platform: 
  darwin x64

Trace: 
  Error: https://registry.yarnpkg.com/@popper%2fcore: Not found
      at Request.params.callback [as _callback] (/usr/local/lib/node_modules/yarn/lib/cli.js:65656:18)
      at Request.self.callback (/usr/local/lib/node_modules/yarn/lib/cli.js:134675:22)
      at Request.emit (node:events:390:28)
      at Request.<anonymous> (/usr/local/lib/node_modules/yarn/lib/cli.js:135658:10)
      at Request.emit (node:events:390:28)
      at IncomingMessage.<anonymous> (/usr/local/lib/node_modules/yarn/lib/cli.js:135578:12)
      at Object.onceWrapper (node:events:509:28)
      at IncomingMessage.emit (node:events:402:35)
      at endReadableNT (node:internal/streams/readable:1343:12)
      at processTicksAndRejections (node:internal/process/task_queues:83:21)

npm manifest: 
  {
    "name": "app",
    "private": "true",
    "dependencies": {
      "@hotwired/stimulus": "^3.0.1",
      "@hotwired/turbo-rails": "^7.1.1",
      "esbuild": "^0.14.12"
    },
    "scripts": {
      "build": "esbuild app/javascript/*.* --bundle --sourcemap --outdir=app/assets/builds"
    }
  }

yarn manifest: 
  No manifest

Lockfile: 
  # THIS IS AN AUTOGENERATED FILE. DO NOT EDIT THIS FILE DIRECTLY.
  # yarn lockfile v1
  
  
  "@hotwired/stimulus@^3.0.1":
    version "3.0.1"
    resolved "https://registry.yarnpkg.com/@hotwired/stimulus/-/stimulus-3.0.1.tgz#141f15645acaa3b133b7c247cad58ae252ffae85"
  
  "@hotwired/turbo-rails@^7.1.1":
    version "7.1.1"
    resolved "https://registry.yarnpkg.com/@hotwired/turbo-rails/-/turbo-rails-7.1.1.tgz#35c03b92b5c86f0137ed08bef843d955ec9bbe83"
    dependencies:
      "@hotwired/turbo" "^7.1.0"
      "@rails/actioncable" "^7.0"
  
  "@hotwired/turbo@^7.1.0":
    version "7.1.0"
    resolved "https://registry.yarnpkg.com/@hotwired/turbo/-/turbo-7.1.0.tgz#27e44e0e3dc5bd1d4bda0766d579cf5a14091cd7"
  
  "@rails/actioncable@^7.0":
    version "7.0.1"
    resolved "https://registry.yarnpkg.com/@rails/actioncable/-/actioncable-7.0.1.tgz#8f383b672e142d009f89b725d49b0832d99da74a"
  
  esbuild-android-arm64@0.14.12:
    version "0.14.12"
    resolved "https://registry.yarnpkg.com/esbuild-android-arm64/-/esbuild-android-arm64-0.14.12.tgz#ca0327521cd570325d965e6957a7fa34dade4254"
  
  esbuild-darwin-64@0.14.12:
    version "0.14.12"
    resolved "https://registry.yarnpkg.com/esbuild-darwin-64/-/esbuild-darwin-64-0.14.12.tgz#c0f57bfcbf1a3e2edf0371bdfff9e3e823ee3725"
  
  esbuild-darwin-arm64@0.14.12:
    version "0.14.12"
    resolved "https://registry.yarnpkg.com/esbuild-darwin-arm64/-/esbuild-darwin-arm64-0.14.12.tgz#ae15c4c80f02d594af0ddf0e4d58b59618066fda"
  
  esbuild-freebsd-64@0.14.12:
    version "0.14.12"
    resolved "https://registry.yarnpkg.com/esbuild-freebsd-64/-/esbuild-freebsd-64-0.14.12.tgz#f919e3d84dedfbed2199646d98bc02d5a606ed47"
  
  esbuild-freebsd-arm64@0.14.12:
    version "0.14.12"
    resolved "https://registry.yarnpkg.com/esbuild-freebsd-arm64/-/esbuild-freebsd-arm64-0.14.12.tgz#551bbc3cb832a8ac82fbeae4352f620f2c9d133a"
  
  esbuild-linux-32@0.14.12:
    version "0.14.12"
    resolved "https://registry.yarnpkg.com/esbuild-linux-32/-/esbuild-linux-32-0.14.12.tgz#42b6db95d35253e4fc14b8061b20437cf29811fb"
  
  esbuild-linux-64@0.14.12:
    version "0.14.12"
    resolved "https://registry.yarnpkg.com/esbuild-linux-64/-/esbuild-linux-64-0.14.12.tgz#3c12ed0b11136c1a0190a897378e0ea49e47013e"
  
  esbuild-linux-arm64@0.14.12:
    version "0.14.12"
    resolved "https://registry.yarnpkg.com/esbuild-linux-arm64/-/esbuild-linux-arm64-0.14.12.tgz#38ac3463ab4193e808c966ea6727d8aa2211158a"
  
  esbuild-linux-arm@0.14.12:
    version "0.14.12"
    resolved "https://registry.yarnpkg.com/esbuild-linux-arm/-/esbuild-linux-arm-0.14.12.tgz#998730ac598eb5be77751046acba0e6e3141957b"
  
  esbuild-linux-mips64le@0.14.12:
    version "0.14.12"
    resolved "https://registry.yarnpkg.com/esbuild-linux-mips64le/-/esbuild-linux-mips64le-0.14.12.tgz#3444d251f3d9a491cb46888431adfd3feab667b6"
  
  esbuild-linux-ppc64le@0.14.12:
    version "0.14.12"
    resolved "https://registry.yarnpkg.com/esbuild-linux-ppc64le/-/esbuild-linux-ppc64le-0.14.12.tgz#63ef999b6357cd540acc0d433866b9e2d5c0f429"
  
  esbuild-linux-s390x@0.14.12:
    version "0.14.12"
    resolved "https://registry.yarnpkg.com/esbuild-linux-s390x/-/esbuild-linux-s390x-0.14.12.tgz#6b89864af82bc2cd25d793f95b3d70b5990bb452"
  
  esbuild-netbsd-64@0.14.12:
    version "0.14.12"
    resolved "https://registry.yarnpkg.com/esbuild-netbsd-64/-/esbuild-netbsd-64-0.14.12.tgz#00b599f193ec3f200e96c984ee2a4915821ed9e1"
  
  esbuild-openbsd-64@0.14.12:
    version "0.14.12"
    resolved "https://registry.yarnpkg.com/esbuild-openbsd-64/-/esbuild-openbsd-64-0.14.12.tgz#9e36b3dccb6d194853255073fa5210e96e048dab"
  
  esbuild-sunos-64@0.14.12:
    version "0.14.12"
    resolved "https://registry.yarnpkg.com/esbuild-sunos-64/-/esbuild-sunos-64-0.14.12.tgz#f7194548dbd2ed826f1ff9763916c6ca82e89aba"
  
  esbuild-windows-32@0.14.12:
    version "0.14.12"
    resolved "https://registry.yarnpkg.com/esbuild-windows-32/-/esbuild-windows-32-0.14.12.tgz#0c97d2a80d2cd2e85c946104dfb204a938c6d0c4"
  
  esbuild-windows-64@0.14.12:
    version "0.14.12"
    resolved "https://registry.yarnpkg.com/esbuild-windows-64/-/esbuild-windows-64-0.14.12.tgz#bfd8e2526f529c7f688f37750504e4c032ec28f9"
  
  esbuild-windows-arm64@0.14.12:
    version "0.14.12"
    resolved "https://registry.yarnpkg.com/esbuild-windows-arm64/-/esbuild-windows-arm64-0.14.12.tgz#ab123619848a8fd078b5e84ac0b55bb56ddfc5f8"
  
  esbuild@^0.14.12:
    version "0.14.12"
    resolved "https://registry.yarnpkg.com/esbuild/-/esbuild-0.14.12.tgz#1a8ad71f39e674d968e3816a2e29923e274eb4d3"
    optionalDependencies:
      esbuild-android-arm64 "0.14.12"
      esbuild-darwin-64 "0.14.12"
      esbuild-darwin-arm64 "0.14.12"
      esbuild-freebsd-64 "0.14.12"
      esbuild-freebsd-arm64 "0.14.12"
      esbuild-linux-32 "0.14.12"
      esbuild-linux-64 "0.14.12"
      esbuild-linux-arm "0.14.12"
      esbuild-linux-arm64 "0.14.12"
      esbuild-linux-mips64le "0.14.12"
      esbuild-linux-ppc64le "0.14.12"
      esbuild-linux-s390x "0.14.12"
      esbuild-netbsd-64 "0.14.12"
      esbuild-openbsd-64 "0.14.12"
      esbuild-sunos-64 "0.14.12"
      esbuild-windows-32 "0.14.12"
      esbuild-windows-64 "0.14.12"
      esbuild-windows-arm64 "0.14.12"
